<?xml version="1.0" encoding="UTF-8"?>
<testng-results ignored="0" total="1" passed="1" failed="0" skipped="0">
  <reporter-output>
  </reporter-output>
  <suite started-at="2025-08-08T23:41:02 IST" name="Default suite" finished-at="2025-08-08T23:41:10 IST" duration-ms="8003">
    <groups>
    </groups>
    <test started-at="2025-08-08T23:41:02 IST" name="Default test" finished-at="2025-08-08T23:41:10 IST" duration-ms="8003">
      <class name="Test.LoginTest">
        <test-method is-config="true" signature="setup()[pri:0, instance:Test.LoginTest@4a067c25]" started-at="2025-08-08T23:41:02 IST" name="setup" finished-at="2025-08-08T23:41:08 IST" duration-ms="5781" status="PASS">
          <reporter-output>
          </reporter-output>
        </test-method> <!-- setup -->
        <test-method signature="testLogin()[pri:0, instance:Test.LoginTest@4a067c25]" started-at="2025-08-08T23:41:08 IST" name="testLogin" finished-at="2025-08-08T23:41:10 IST" duration-ms="2099" status="PASS">
          <reporter-output>
          </reporter-output>
        </test-method> <!-- testLogin -->
      </class> <!-- Test.LoginTest -->
    </test> <!-- Default test -->
  </suite> <!-- Default suite -->
</testng-results>
